<?xml version="1.0" encoding="UTF-8"?>
<!-- Generated by org.testng.reporters.JUnitReportReporter -->
<testsuite hostname="LAPTOP-E4E4SHQM" failures="0" tests="16" name="testng.TestNgFormClass" time="33.074" errors="0" timestamp="14 Feb 2023 11:17:40 GMT" skipped="0">
  <testcase classname="testng.TestNgFormClass" name="verifydaydropdown" time="2.264"/>
  <testcase classname="testng.TestNgFormClass" name="verifyFirstName" time="2.237"/>
  <testcase classname="testng.TestNgFormClass" name="verifymaleRadioButton" time="1.715"/>
  <testcase classname="testng.TestNgFormClass" name="verifymonthdropdown" time="3.941"/>
  <testcase classname="testng.TestNgFormClass" name="verifyyeardropdown" time="1.632"/>
  <testcase classname="testng.TestNgFormClass" name="verifyFirstName" time="1.869"/>
  <testcase classname="testng.TestNgFormClass" name="verifypassword" time="1.973"/>
  <testcase classname="testng.TestNgFormClass" name="verifyLastName" time="2.702"/>
  <testcase classname="testng.TestNgFormClass" name="verifyyeardropdown" time="2.036"/>
  <testcase classname="testng.TestNgFormClass" name="verifyMoblieNo" time="1.167"/>
  <testcase classname="testng.TestNgFormClass" name="verifypassword" time="3.155"/>
  <testcase classname="testng.TestNgFormClass" name="verifyMoblieNo" time="1.319"/>
  <testcase classname="testng.TestNgFormClass" name="verifymonthdropdown" time="1.241"/>
  <testcase classname="testng.TestNgFormClass" name="verifyLastName" time="2.561"/>
  <testcase classname="testng.TestNgFormClass" name="verifymaleRadioButton" time="1.725"/>
  <testcase classname="testng.TestNgFormClass" name="verifydaydropdown" time="1.537"/>
</testsuite> <!-- testng.TestNgFormClass -->
