<?xml version="1.0" encoding="UTF-8"?>
<!-- Generated by org.testng.reporters.JUnitReportReporter -->
<testsuite hostname="LAPTOP-E4E4SHQM" failures="0" tests="6" name="testng.TestNgClass" time="25.633" errors="0" timestamp="14 Feb 2023 11:17:40 GMT" skipped="0">
  <testcase classname="testng.TestNgClass" name="verifycookiespolicylink" time="8.890"/>
  <testcase classname="testng.TestNgClass" name="verifyTermsLink" time="3.287"/>
  <testcase classname="testng.TestNgClass" name="verifyprivacypolicylink" time="2.112"/>
  <testcase classname="testng.TestNgClass" name="verifyTermsLink" time="2.937"/>
  <testcase classname="testng.TestNgClass" name="verifycookiespolicylink" time="5.468"/>
  <testcase classname="testng.TestNgClass" name="verifyprivacypolicylink" time="2.939"/>
</testsuite> <!-- testng.TestNgClass -->
